<?xml version="1.0" encoding="UTF-8"?>
<!-- Generated by org.testng.reporters.JUnitReportReporter -->
<testsuite hostname="Nastia-PC" name="src.Project" tests="1" failures="0" timestamp="25 Aug 2016 12:21:22 GMT" time="120.296" errors="0">
  <testcase name="testMail" time="120.296" classname="src.Project"/>
</testsuite> <!-- src.Project -->
